"../../../Engine/Content/Functions/Engine_MaterialFunctions01/Opacity/CameraDepthFade.uasset" 0
"../../../Engine/Content/EngineMaterials/T_Default_Material_Grid_M.uasset" 1
"../../../Engine/Content/EngineMaterials/T_Default_Material_Grid_N.uasset" 2
"../../../Engine/Content/EngineMaterials/DefaultMaterial.uasset" 3
"../../../Engine/Content/EngineMaterials/DefaultDiffuse.uasset" 4
"../../../Engine/Content/EngineMaterials/DefaultNormal.uasset" 5
"../../../Engine/Content/Maps/Entry.umap" 6
"../../../Engine/Content/EditorBlueprintResources/StandardMacros.uasset" 7
"../../../Guild/Content/Blueprints/BP_Activatable.uasset" 8
"../../../Guild/Content/Textures/T_MacroVariation.uasset" 9
"../../../Guild/Content/Textures/T_Metal_Gold_D.uasset" 10
"../../../Guild/Content/Textures/T_Metal_Gold_N.uasset" 11
"../../../Guild/Content/Materials/M_Metal_Gold.uasset" 12
"../../../Guild/Content/Textures/T_Metal_Aluminum_D.uasset" 13
"../../../Guild/Content/Materials/M_Metal_Burnished_Steel.uasset" 14
"../../../Guild/Content/Materials/M_Colored_Metal.uasset" 15
"../../../Engine/Content/BasicShapes/Cylinder.uasset" 16
"../../../Engine/Content/BasicShapes/Sphere.uasset" 17
"../../../Guild/Content/Blueprints/BP_BossDoorSocket.uasset" 18
"../../../Guild/Content/Textures/T_Brick_Hewn_Stone_D.uasset" 19
"../../../Guild/Content/Textures/T_Brick_Hewn_Stone_M.uasset" 20
"../../../Guild/Content/Textures/T_Brick_Hewn_Stone_N.uasset" 21
"../../../Guild/Content/Textures/T_Detail_Rocky_N.uasset" 22
"../../../Guild/Content/Materials/M_Brick_Hewn_Stone.uasset" 23
"../../../Engine/Content/EngineMaterials/WorldGridMaterial.uasset" 24
"../../../Engine/Content/BasicShapes/Cube.uasset" 25
"../../../Guild/Content/Blueprints/BP_BossDoor.uasset" 26
"../../../Guild/Content/Blueprints/Character/Gnolls/textures/CH_NPC_MOB_Gnoll_A01_C2_KSW.uasset" 27
"../../../Guild/Content/Blueprints/Character/Gnolls/textures/CH_NPC_MOB_Gnoll_A01_D_KSW.uasset" 28
"../../../Guild/Content/Blueprints/Character/Gnolls/textures/CH_NPC_MOB_Gnoll_A01_N_KSW.uasset" 29
"../../../Guild/Content/Blueprints/Character/Gnolls/textures/mat/GnollMat.uasset" 30
"../../../Guild/Content/Blueprints/Character/Gnolls/textures/CH_NPC_WP_ETC_NO_A01_D_SKP.uasset" 31
"../../../Guild/Content/Blueprints/Character/Gnolls/textures/CH_NPC_WP_ETC_NO_A01_N_SKP.uasset" 32
"../../../Guild/Content/Blueprints/Character/Gnolls/textures/mat/WP_01_CLUB.uasset" 33
"../../../Guild/Content/Blueprints/Character/Gnolls/etc/phys/Gnoll_PhysicsAsset.uasset" 34
"../../../Guild/Content/Blueprints/Character/Gnolls/Gnoll.uasset" 35
"../../../Guild/Content/Blueprints/Character/Gnolls/etc/Gnoll_Skeleton.uasset" 36
"../../../Guild/Content/Blueprints/Character/Gnolls/animations/atk_1.uasset" 37
"../../../Guild/Content/Blueprints/Character/Gnolls/animations/Idle_1.uasset" 38
"../../../Guild/Content/Blueprints/Character/Gnolls/animations/Run.uasset" 39
"../../../Guild/Content/Blueprints/Character/Gnolls/animations/Walk.uasset" 40
"../../../Guild/Content/Blueprints/Character/Gnolls/GknollBlendSpace_Normal.uasset" 41
"../../../Guild/Content/Blueprints/BP_CameraShake.uasset" 42
"../../../Guild/Content/Blueprints/Character/Gnolls/Blueprints/DefaultGnollBP.uasset" 43
"../../../Guild/Content/Blueprints/Character/Gnolls/DefaultKnoll.uasset" 44
"../../../Guild/Content/Textures/T_Perlin_Noise_M.uasset" 45
"../../../Guild/Content/Textures/T_Rock_Basalt_D.uasset" 46
"../../../Guild/Content/Textures/T_Rock_Basalt_N.uasset" 47
"../../../Guild/Content/Materials/M_Rock_Basalt.uasset" 48
"../../../Guild/Content/Textures/T_Wood_Oak_D.uasset" 49
"../../../Guild/Content/Textures/T_Wood_Oak_N.uasset" 50
"../../../Guild/Content/Materials/M_Wood_Oak.uasset" 51
"../../../Engine/Content/BasicShapes/Cone.uasset" 52
"../../../Guild/Content/Audio/fire.uasset" 53
"../../../Guild/Content/Textures/T_Fire_SubUV.uasset" 54
"../../../Guild/Content/Textures/T_Fire_Tiled_D.uasset" 55
"../../../Guild/Content/Particles/Materials/M_Fire_SubUV.uasset" 56
"../../../Guild/Content/Textures/T_Water_N.uasset" 57
"../../../Guild/Content/Particles/Materials/M_Heat_Distortion.uasset" 58
"../../../Engine/Content/Functions/Engine_MaterialFunctions01/Gradient/RadialGradient.uasset" 59
"../../../Guild/Content/Particles/Materials/M_Radial_Gradient.uasset" 60
"../../../Guild/Content/Textures/T_Smoke_SubUV.uasset" 61
"../../../Guild/Content/Textures/T_Smoke_Tiled_D.uasset" 62
"../../../Guild/Content/Particles/Materials/M_smoke_subUV.uasset" 63
"../../../Guild/Content/Particles/P_Torch_Fire.uasset" 64
"../../../Guild/Content/Blueprints/BP_Torch_Activatable.uasset" 65
"../../../Guild/Content/Blueprints/BP_BossGemKey.uasset" 66
"../../../Guild/Content/Props/SM_Rock.uasset" 67
"../../../Guild/Content/Props/SM_Rock_DM.uasset" 68
"../../../Guild/Content/Blueprints/BP_DestructibleRock.uasset" 69
"../../../Guild/Content/Textures/T_Brick_Clay_Beveled_D.uasset" 70
"../../../Guild/Content/Textures/T_Brick_Clay_Beveled_M.uasset" 71
"../../../Guild/Content/Textures/T_Brick_Clay_Beveled_N.uasset" 72
"../../../Guild/Content/Materials/M_Brick_Clay_Beveled.uasset" 73
"../../../Guild/Content/Textures/T_Concrete_Poured_D.uasset" 74
"../../../Guild/Content/Textures/T_Concrete_Poured_N.uasset" 75
"../../../Guild/Content/Materials/M_Concrete_Poured.uasset" 76
"../../../Guild/Content/Textures/T_Frame_M.uasset" 77
"../../../Guild/Content/Textures/T_Frame_N.uasset" 78
"../../../Guild/Content/Props/Materials/M_Frame.uasset" 79
"../../../Guild/Content/Props/SM_WindowFrame.uasset" 80
"../../../Guild/Content/Blueprints/BP_Pillar.uasset" 81
"../../../Guild/Content/Textures/T_Metal_Steel_D.uasset" 82
"../../../Guild/Content/Textures/T_Tech_Panel_M.uasset" 83
"../../../Guild/Content/Textures/T_Tech_Panel_N.uasset" 84
"../../../Guild/Content/Materials/M_Tech_Panel.uasset" 85
"../../../Guild/Content/Blueprints/BP_PressurePlate.uasset" 86
"../../../Guild/Content/Blueprints/BP_PressureTriggeredDoor.uasset" 87
"../../../Guild/Content/Textures/T_Brick_Cut_Stone_D.uasset" 88
"../../../Guild/Content/Textures/T_Brick_Cut_Stone_N.uasset" 89
"../../../Guild/Content/Materials/M_Brick_Cut_Stone.uasset" 90
"../../../Guild/Content/Textures/T_Concrete_Panels_D.uasset" 91
"../../../Guild/Content/Textures/T_Concrete_Panels_N.uasset" 92
"../../../Guild/Content/Materials/M_Concrete_Panels.uasset" 93
"../../../Guild/Content/Props/SM_Stairs.uasset" 94
"../../../Guild/Content/Blueprints/BP_Stairs.uasset" 95
"../../../Guild/Content/Textures/T_Brick_Clay_Old_D.uasset" 96
"../../../Guild/Content/Textures/T_Brick_Clay_Old_N.uasset" 97
"../../../Guild/Content/Materials/M_Brick_Clay_Old.uasset" 98
"../../../Guild/Content/Blueprints/BP_Wall.uasset" 99
"../../../Guild/Content/Materials/M_Glass.uasset" 100
"../../../Guild/Content/Props/SM_GlassWindow.uasset" 101
"../../../Guild/Content/Props/SM_GlassWindow_DM.uasset" 102
"../../../Guild/Content/Textures/T_CobbleStone_Smooth_D.uasset" 103
"../../../Guild/Content/Textures/T_CobbleStone_Smooth_M.uasset" 104
"../../../Guild/Content/Textures/T_CobbleStone_Smooth_N.uasset" 105
"../../../Guild/Content/Textures/T_Gradinet_01.uasset" 106
"../../../Guild/Content/Textures/T_Rock_Smooth_Granite_D.uasset" 107
"../../../Guild/Content/Materials/M_CobbleStone_Smooth.uasset" 108
"../../../Guild/Content/Textures/T_Metal_Steel_N.uasset" 109
"../../../Guild/Content/Materials/M_Metal_Steel.uasset" 110
"../../../Guild/Content/Textures/T_Rock_Marble_Polished_D.uasset" 111
"../../../Guild/Content/Materials/M_Rock_Marble_Polished.uasset" 112
"../../../Engine/Content/Functions/Engine_MaterialFunctions02/Utility/BlendAngleCorrectedNormals.uasset" 113
"../../../Guild/Content/Textures/T_Water_M.uasset" 114
"../../../Guild/Content/Materials/M_Water_Ocean.uasset" 115
"../../../Engine/Content/EditorMaterials/Cascade/CASC_Cross.uasset" 116
"../../../Engine/Content/EditorMaterials/Cascade/CASC_None.uasset" 117
"../../../Engine/Content/Functions/Engine_MaterialFunctions03/Blends/Blend_LinearDodge.uasset" 118
"../../../Engine/Content/Functions/Engine_MaterialFunctions03/Blends/Blend_Overlay.uasset" 119
"../../../Engine/Content/Functions/Engine_MaterialFunctions03/Blends/Blend_Screen.uasset" 120
"../../../Guild/Content/Textures/T_Ground_Moss_D.uasset" 121
"../../../Guild/Content/Textures/T_Ground_Moss_N.uasset" 122
"../../../Guild/Content/Materials/Mat_Brick_Clay_Old.uasset" 123
"../../../Engine/Content/MapTemplates/SM_Template_Map_Floor.uasset" 124
"../../../Guild/Content/Textures/T_Bush_D.uasset" 125
"../../../Guild/Content/Textures/T_Bush_N.uasset" 126
"../../../Guild/Content/Props/Materials/M_Bush.uasset" 127
"../../../Guild/Content/Props/SM_Bush.uasset" 128
"../../../Guild/Content/Maps/MainDungeon.umap" 129
"../../../Engine/Content/EngineFonts/Roboto.uasset" 130
"../../../Engine/Content/Functions/Engine_MaterialFunctions01/Shading/PowerToRoughness.uasset" 131
"../../../Engine/Content/EngineMaterials/DefaultDeferredDecalMaterial.uasset" 132
"../../../Engine/Content/EngineMaterials/DefaultLightFunctionMaterial.uasset" 133
"../../../Engine/Content/Functions/Engine_MaterialFunctions02/Utility/BreakOutFloat2Components.uasset" 134
"../../../Engine/Content/EngineMaterials/DefaultPostProcessMaterial.uasset" 135
"../../../Engine/Content/EngineResources/DefaultTexture.uasset" 136
"../../../Engine/Content/Functions/Engine_MaterialFunctions02/Texturing/ScreenAlignedUVs.uasset" 137
"../../../Engine/Content/EngineResources/WhiteSquareTexture.uasset" 138
"../../../Engine/Content/EngineMaterials/Widget3DPassThrough.uasset" 139
"../../../Engine/Content/EngineMaterials/Widget3DPassThrough_Translucent.uasset" 140
"../../../Engine/Content/EngineMaterials/Widget3DPassThrough_Translucent_OneSided.uasset" 141
"../../../Engine/Content/EngineMaterials/Widget3DPassThrough_Opaque.uasset" 142
"../../../Engine/Content/EngineMaterials/Widget3DPassThrough_Opaque_OneSided.uasset" 143
"../../../Engine/Content/EngineMaterials/Widget3DPassThrough_Masked.uasset" 144
"../../../Engine/Content/EngineMaterials/Widget3DPassThrough_Masked_OneSided.uasset" 145
"../../../Engine/Content/EditorResources/S_Actor.uasset" 146
"../../../Engine/Content/EditorResources/S_Emitter.uasset" 147
"../../../Engine/Content/EditorResources/SceneManager.uasset" 148
"../../../Engine/Content/EditorResources/Bad.uasset" 149
"../../../Engine/Content/EditorResources/Bkgnd.uasset" 150
"../../../Engine/Content/EditorResources/BkgndHi.uasset" 151
"../../../Engine/Content/EditorMeshes/EditorCube.uasset" 152
"../../../Engine/Content/EditorMeshes/EditorSphere.uasset" 153
"../../../Engine/Content/EditorMeshes/EditorPlane.uasset" 154
"../../../Engine/Content/EditorMeshes/EditorCylinder.uasset" 155
"../../../Engine/Content/Maps/Templates/Thumbnails/Default.uasset" 156
"../../../Engine/Content/EditorMaterials/Thumbnails/SkySphereMaterial.uasset" 157
"../../../Engine/Content/EditorMeshes/EditorSkySphere.uasset" 158
"../../../Engine/Content/EngineMaterials/Grid.uasset" 159
"../../../Engine/Content/EditorMaterials/Thumbnails/FloorPlaneMaterial.uasset" 160
"../../../Engine/Content/MapTemplates/Sky/DaylightAmbientCubemap.uasset" 161
"../../../Engine/Content/EditorMaterials/ParticleSystems/PSysThumbnail_NoImage.uasset" 162
"../../../Engine/Content/EditorMaterials/ParticleSystems/PSysThumbnail_OOD.uasset" 163
"../../../Engine/Content/EditorResources/S_DecalActorIcon.uasset" 164
"../../../Engine/Content/EditorLandscapeResources/LandscapeGizmo_Mat.uasset" 165
"../../../Engine/Content/EditorLandscapeResources/LandscapeGizmo_Mat_Copied.uasset" 166
"../../../Engine/Content/EditorLandscapeResources/LandscapeGizmoHeight_Mat.uasset" 167
"../../../Engine/Content/EditorLandscapeResources/DataLayer.uasset" 168
"../../../Engine/Content/EditorResources/S_Terrain.uasset" 169
"../../../Engine/Content/EditorLandscapeResources/SplineEditorMeshMat.uasset" 170
"../../../Engine/Content/EditorLandscapeResources/SplineEditorMesh.uasset" 171
"../../../Engine/Content/EditorResources/MatineeCam_D.uasset" 172
"../../../Engine/Content/EditorMaterials/MatineeCam_mat.uasset" 173
"../../../Engine/Content/EditorMeshes/MatineeCam_SM.uasset" 174
"../../../Engine/Content/Functions/Engine_MaterialFunctions02/Utility/Sign.uasset" 175
"../../../Engine/Content/Functions/Engine_MaterialFunctions02/Utility/Round.uasset" 176
"../../../Engine/Content/Functions/Engine_MaterialFunctions02/ExampleContent/Textures/flipbook.uasset" 177
"../../../Engine/Content/Functions/Engine_MaterialFunctions02/Texturing/FlipBook.uasset" 178
"../../../Engine/Content/EditorResources/T_EditorHelp.uasset" 179
"../../../Engine/Content/EditorMaterials/HelpActorMaterial.uasset" 180
"../../../Engine/Content/EditorResources/S_ExpoHeightFog.uasset" 181
"../../../Engine/Content/EditorResources/S_NavP.uasset" 182
"../../../Engine/Content/EditorResources/S_Player.uasset" 183
"../../../Engine/Content/EditorResources/LightIcons/SkyLight.uasset" 184
"../../../Engine/Content/EditorResources/S_WindDirectional.uasset" 185
"../../../Engine/Content/EditorResources/LightIcons/S_LightDirectional.uasset" 186
"../../../Engine/Content/EditorResources/LightIcons/S_LightDirectionalMove.uasset" 187
"../../../Engine/Content/EditorResources/LightIcons/S_LightPoint.uasset" 188
"../../../Engine/Content/EditorResources/LightIcons/S_LightPointMove.uasset" 189
"../../../Engine/Content/EditorResources/LightIcons/S_LightSpot.uasset" 190
"../../../Engine/Content/EditorResources/LightIcons/S_LightSpotMove.uasset" 191
"../../../Engine/Content/EditorResources/MatInstActSprite.uasset" 192
"../../../Engine/Content/EditorResources/AI/S_NavLink.uasset" 193
"../../../Engine/Content/EditorResources/S_Note.uasset" 194
"../../../Engine/Content/EngineMeshes/Sphere.uasset" 195
"../../../Engine/Content/EditorResources/S_ReflActorIcon.uasset" 196
"../../../Engine/Content/EditorResources/S_Thruster.uasset" 197
"../../../Engine/Content/EditorResources/S_RadForce.uasset" 198
"../../../Engine/Content/EditorMaterials/TargetIcon.uasset" 199
"../../../Engine/Content/EngineFonts/RobotoDistanceField.uasset" 200
"../../../Engine/Content/EngineMaterials/DefaultTextMaterialOpaque.uasset" 201
"../../../Engine/Content/EditorResources/S_TextRenderActorIcon.uasset" 202
"../../../Engine/Content/EditorResources/S_Trigger.uasset" 203
"../../../Engine/Content/EditorResources/S_VectorFieldVol.uasset" 204
"../../../Engine/Content/EngineResources/GradientTexture0.uasset" 205
"../../../Engine/Content/EngineResources/Black.uasset" 206
"../../../Engine/Content/EditorMaterials/MatineeGroups/MAT_Groups_Float.uasset" 207
"../../../Engine/Content/EditorMaterials/MatineeGroups/MAT_Groups_Director.uasset" 208
"../../../Engine/Content/EditorMaterials/MatineeGroups/MAT_Groups_Event.uasset" 209
"../../../Engine/Content/EditorMaterials/MatineeGroups/MAT_Groups_Anim.uasset" 210
"../../../Engine/Content/EditorMaterials/MatineeGroups/MAT_Groups_Fade.uasset" 211
"../../../Engine/Content/EditorMaterials/MatineeGroups/MAT_Groups_Move.uasset" 212
"../../../Engine/Content/EditorMaterials/MatineeGroups/MAT_Groups_Slomo.uasset" 213
"../../../Engine/Content/EditorMaterials/MatineeGroups/MAT_ColorTrack.uasset" 214
"../../../Engine/Content/EditorMaterials/MAT_Groups_Toggle.uasset" 215
"../../../Engine/Content/EditorMaterials/MatineeGroups/MAT_Groups_AudioMaster.uasset" 216
"../../../Engine/Content/EditorMaterials/MatineeGroups/MAT_Groups_Sound.uasset" 217
"../../../Engine/Content/EditorMaterials/MatineeGroups/MAT_Groups_Vector.uasset" 218
"../../../Engine/Content/EditorMaterials/MAT_Groups_Visibility.uasset" 219
"../../../Engine/Content/EngineResources/DefaultTextureCube.uasset" 220
"../../../Engine/Content/EngineMeshes/Cylinder.uasset" 221
"../../../Engine/Content/EngineTireTypes/DefaultTireType.uasset" 222
"../../../Engine/Content/EditorResources/S_FTest.uasset" 223
"../../../Engine/Content/EngineResources/AICON-Red.uasset" 224
"../../../Engine/Content/EngineResources/AICON-Green.uasset" 225
"../../../Engine/Plugins/2D/Paper2D/Content/PlaceholderTextures/DummySpriteTexture.uasset" 226
"../../../Engine/Plugins/2D/Paper2D/Content/DefaultSpriteMaterial.uasset" 227
"../../../Engine/Plugins/2D/Paper2D/Content/MaskedUnlitSpriteMaterial.uasset" 228
"../../../Engine/Plugins/2D/Paper2D/Content/OpaqueUnlitSpriteMaterial.uasset" 229
"../../../Engine/Plugins/2D/Paper2D/Content/DummySprite.uasset" 230
"../../../Engine/Plugins/2D/Paper2D/Content/DefaultPaperTerrainMaterial.uasset" 231
"../../../Engine/Content/EditorSounds/Notifications/CompileSuccess.uasset" 232
"../../../Engine/Content/EditorSounds/Notifications/CompileStart_Cue.uasset" 233
"../../../Engine/Content/EditorSounds/Notifications/CompileSuccess_Cue.uasset" 234
"../../../Engine/Content/EditorSounds/Notifications/CompileFailed.uasset" 235
"../../../Engine/Content/EditorSounds/Notifications/CompileFailed_Cue.uasset" 236
"../../../Engine/Content/BufferVisualization/BaseColor.uasset" 237
"../../../Engine/Content/BufferVisualization/CustomDepth.uasset" 238
"../../../Engine/Content/Functions/Engine_MaterialFunctions02/Utility/MakeFloat2.uasset" 239
"../../../Engine/Content/Functions/Engine_MaterialFunctions02/Utility/MakeFloat3.uasset" 240
"../../../Engine/Content/EngineMaterials/MiniFont.uasset" 241
"../../../Engine/Content/BufferVisualization/CustomStencil.uasset" 242
"../../../Engine/Content/BufferVisualization/DecalMask.uasset" 243
"../../../Engine/Content/BufferVisualization/FinalImage.uasset" 244
"../../../Engine/Content/BufferVisualization/LightingModel.uasset" 245
"../../../Engine/Content/BufferVisualization/MaterialAO.uasset" 246
"../../../Engine/Content/BufferVisualization/Metallic.uasset" 247
"../../../Engine/Content/BufferVisualization/Opacity.uasset" 248
"../../../Engine/Content/BufferVisualization/Roughness.uasset" 249
"../../../Engine/Content/BufferVisualization/SceneColor.uasset" 250
"../../../Engine/Content/BufferVisualization/SceneDepth.uasset" 251
"../../../Engine/Content/BufferVisualization/SeparateTranslucencyRGB.uasset" 252
"../../../Engine/Content/BufferVisualization/SeparateTranslucencyA.uasset" 253
"../../../Engine/Content/BufferVisualization/Specular.uasset" 254
"../../../Engine/Content/BufferVisualization/SubsurfaceColor.uasset" 255
"../../../Engine/Content/BufferVisualization/WorldNormal.uasset" 256
"../../../Engine/Content/EngineMaterials/DefaultPhysicalMaterial.uasset" 257
"../../../Engine/Content/BufferVisualization/AmbientOcclusion.uasset" 258
"../../../Engine/Content/Functions/Engine_MaterialFunctions02/Utility/VectorLength.uasset" 259
"../../../Engine/Content/BufferVisualization/CustomDepthWorldUnits.uasset" 260
"../../../Engine/Content/BufferVisualization/SceneDepthWorldUnits.uasset" 261
"../../../Engine/Plugins/Runtime/LeapMotionController/Content/LM_CapsuleMesh.uasset" 262
"../../../Engine/Plugins/Runtime/LeapMotionController/Content/LM_TorusMesh.uasset" 263
"../../../Engine/Plugins/Runtime/LeapMotionController/Content/LM_HandColor.uasset" 264
"../../../Engine/Plugins/Runtime/LeapMotionController/Content/LM_SampleDistortion.uasset" 265
"../../../Engine/Plugins/Runtime/LeapMotionController/Content/LM_TestTexture.uasset" 266
"../../../Engine/Plugins/Runtime/LeapMotionController/Content/LM_PassthroughMaterial.uasset" 267
"../../../Engine/Content/EngineMaterials/HighResolutionScreenshotMaskFunction.uasset" 268
"../../../Engine/Content/EngineMaterials/HighResScreenshot.uasset" 269
"../../../Engine/Content/EngineMaterials/HighResScreenshotMask.uasset" 270
"../../../Engine/Content/EngineMaterials/HighResScreenshotCaptureRegion.uasset" 271
"../../../Engine/Content/EngineDebugMaterials/WireframeMaterial.uasset" 272
"../../../Engine/Content/Functions/Engine_MaterialFunctions01/Shading/ConvertFromDiffSpec.uasset" 273
"../../../Engine/Content/EngineDebugMaterials/LevelColorationLitMaterial.uasset" 274
"../../../Engine/Content/EngineDebugMaterials/LevelColorationUnlitMaterial.uasset" 275
"../../../Engine/Content/EngineMaterials/DefaultWhiteGrid.uasset" 276
"../../../Engine/Content/EngineDebugMaterials/MAT_LevelColorationLitLightmapUV.uasset" 277
"../../../Engine/Content/EngineDebugMaterials/ShadedLevelColorationLitMaterial.uasset" 278
"../../../Engine/Content/EngineDebugMaterials/ShadedLevelColorationUnlitMateri.uasset" 279
"../../../Engine/Content/EngineDebugMaterials/VertexColorMaterial.uasset" 280
"../../../Engine/Content/EngineDebugMaterials/VertexColorViewMode_ColorOnly.uasset" 281
"../../../Engine/Content/EngineDebugMaterials/VertexColorViewMode_AlphaAsColor.uasset" 282
"../../../Engine/Content/EngineDebugMaterials/VertexColorViewMode_RedOnly.uasset" 283
"../../../Engine/Content/EngineDebugMaterials/VertexColorViewMode_GreenOnly.uasset" 284
"../../../Engine/Content/EngineDebugMaterials/VertexColorViewMode_BlueOnly.uasset" 285
"../../../Engine/Content/EngineMaterials/RemoveSurfaceMaterial.uasset" 286
"../../../Engine/Content/EngineDebugMaterials/DebugMeshMaterial.uasset" 287
"../../../Engine/Content/EngineMaterials/InvalidLightmapSettings.uasset" 288
"../../../Engine/Content/EngineMaterials/M_InvalidLightmapSettings.uasset" 289
"../../../Engine/Content/EditorMaterials/GizmoMaterial.uasset" 290
"../../../Engine/Content/EngineDebugMaterials/GeomMaterial.uasset" 291
"../../../Engine/Content/EngineMaterials/EditorBrushMaterial.uasset" 292
"../../../Engine/Content/EngineDebugMaterials/HeatmapGradient.uasset" 293
"../../../Engine/Content/EngineDebugMaterials/BoneWeightMaterial.uasset" 294
"../../../Engine/Content/EditorMaterials/PreviewShadowIndicator.uasset" 295
"../../../Engine/Content/EditorMaterials/PreviewShadowIndicatorMaterial.uasset" 296
"../../../Engine/Content/EditorMaterials/PhAT_JointLimitMaterial.uasset" 297
"../../../Engine/Content/EditorResources/BSPVertex.uasset" 298
"../../../Engine/Content/EngineMaterials/Good64x64TilingNoiseHighFreq.uasset" 299
"../../../Engine/Content/EngineMaterials/DefaultBokeh.uasset" 300
"../../../Engine/Content/EngineMaterials/PreintegratedSkinBRDF.uasset" 301
"../../../Engine/Content/EngineMaterials/WeightMapPlaceholderTexture.uasset" 302
"../../../Engine/Content/EngineFonts/RobotoTiny.uasset" 303
"../../../Engine/Content/Tutorial/Basics/LevelEditorAttract.uasset" 304
"../../../Engine/Content/Tutorial/Basics/TutorialAssets/icon_tab_Levels_40x.uasset" 305
"../../../Engine/Content/Tutorial/Basics/LevelEditorOverview.uasset" 306
"../../../Engine/Content/Tutorial/ContentIntroCurve.uasset" 307
"../../../Engine/Content/EditorMaterials/Cross.uasset" 308
"../../../Engine/Content/EditorMaterials/Cross_Mat.uasset" 309
"../../../Engine/Content/EditorMaterials/PhAT_BoneSelectedMaterial.uasset" 310
"../../../Engine/Content/EditorMaterials/PhAT_ElemSelectedMaterial.uasset" 311
"../../../Engine/Content/EditorMaterials/PhAT_NoCollisionMaterial.uasset" 312
"../../../Engine/Content/EditorMaterials/PhAT_UnselectedMaterial.uasset" 313
"../../../Engine/Content/EditorMaterials/Tick.uasset" 314
"../../../Engine/Content/EditorMaterials/Tick_Mat.uasset" 315
"../../../Engine/Content/EditorMaterials/WidgetGridVertexColorMaterial.uasset" 316
"../../../Engine/Content/EditorMaterials/WidgetGridVertexColorMaterial_Ma.uasset" 317
"../../../Engine/Content/EditorMaterials/WidgetMaterial.uasset" 318
"../../../Engine/Content/EditorMaterials/WidgetMaterial_Current.uasset" 319
"../../../Engine/Content/EditorMaterials/WidgetMaterial_X.uasset" 320
"../../../Engine/Content/EditorMaterials/WidgetMaterial_Y.uasset" 321
"../../../Engine/Content/EditorMaterials/WidgetMaterial_Z.uasset" 322
"../../../Engine/Content/EditorMaterials/WidgetVertexColorMaterial.uasset" 323
"../../../Engine/Content/EditorMaterials/CompositeARGBLayer.uasset" 324
"../../../Engine/Content/EditorMaterials/TilingAALineIntegral.uasset" 325
"../../../Engine/Content/EditorMaterials/TilingAALineBoxFiltered.uasset" 326
"../../../Engine/Content/Functions/Engine_MaterialFunctions03/Procedurals/ComputeFilterWidth.uasset" 327
"../../../Engine/Content/EditorMaterials/TilingAADots.uasset" 328
"../../../Engine/Content/EditorMaterials/TilingAAGrid.uasset" 329
"../../../Engine/Content/EditorMaterials/LevelGridMaterial.uasset" 330
"../../../Engine/Content/EditorResources/SmallFont.uasset" 331
"../../../Engine/Content/EditorResources/S_KBSJoint.uasset" 332
"../../../Engine/Content/EditorResources/S_KHinge.uasset" 333
"../../../Engine/Content/EditorResources/S_KPrismatic.uasset" 334
"../../../Engine/Content/EditorResources/LightIcons/S_LightError.uasset" 335
"../../../Engine/Content/EditorResources/Spline/T_Loft_Spline.uasset" 336
"../../../Engine/Content/EngineMaterials/BlinkingCaret.uasset" 337
"../../../Engine/Content/EngineMaterials/Grid_N.uasset" 338
"../../../Engine/Content/EngineMaterials/LandscapeHolePhysicalMaterial.uasset" 339
"../../../Engine/Content/EngineMaterials/PaperDiffuse.uasset" 340
"../../../Engine/Content/EngineMaterials/PaperNormal.uasset" 341
"../../../Engine/Content/EngineMaterials/PhysMat_Rubber.uasset" 342
"../../../Engine/Content/EngineFonts/SmallFont.uasset" 343
"../../../Engine/Content/EngineFonts/TinyFont.uasset" 344
"../../../Engine/Content/EngineResources/StreamingPauseIcon.uasset" 345
"../../../Engine/Content/EngineResources/M_StreamingPause.uasset" 346
"../../../Engine/Content/EditorLandscapeResources/DefaultAlphaTexture.uasset" 347
"../../../Engine/Content/EngineSky/C_Sky_Cloud_Color.uasset" 348
"../../../Engine/Content/EngineSky/C_Sky_Horizon_Color.uasset" 349
"../../../Engine/Content/EngineSky/C_Sky_Zenith_Color.uasset" 350
"../../../Engine/Content/EngineSky/T_Sky_Blue.uasset" 351
"../../../Engine/Content/EngineSky/T_Sky_Clouds_M.uasset" 352
"../../../Engine/Content/EngineSky/T_Sky_Stars.uasset" 353
"../../../Engine/Content/EngineSky/SM_SkySphere.uasset" 354
"../../../Engine/Content/EngineSky/M_Sky_Panning_Clouds2.uasset" 355
"../../../Engine/Content/EngineSky/BP_Sky_Sphere.uasset" 356
"../../../Engine/Content/EditorResources/EmptyActor.uasset" 357
"../../../Engine/Content/EditorMaterials/MakeCompositeARGBLayer.uasset" 358
"../../../Engine/Content/EditorResources/LevelGrid1DStripes.uasset" 359
"../../../Engine/Content/EditorMaterials/TextureGridCascaded1D.uasset" 360
"../../../Engine/Content/EditorMaterials/TextureGridCascaded2D.uasset" 361
"../../../Engine/Content/EditorMaterials/LevelGridMaterial2.uasset" 362
"../../../Engine/Content/EditorResources/AudioIcons/S_AudioComponent_AutoActivate.uasset" 363
"../../../Engine/Content/EditorSounds/GamePreview/EndPlayInEditor.uasset" 364
"../../../Engine/Content/EditorSounds/GamePreview/EndPlayInEditor_Cue.uasset" 365
"../../../Engine/Content/EngineDamageTypes/DmgTypeBP_Environmental.uasset" 366
"../../../Engine/Content/BasicShapes/BasicShapeMaterial.uasset" 367
"../../../Guild/Content/Audio/Explosion02.uasset" 368
"../../../Guild/Content/Audio/Fire01.uasset" 369
"../../../Guild/Content/Audio/Fire01_Cue.uasset" 370
"../../../Guild/Content/Blueprints/BP_Fireball.uasset" 371
"../../../Guild/Content/Blueprints/Player/BP_DungeonChar.uasset" 372
"../../../Guild/Content/Blueprints/BP_GuildGameMode.uasset" 373
"../../../Engine/Content/MobileResources/T_MobileControls_texture.uasset" 374
"../../../Engine/Content/MobileResources/HUD/MobileHUDDirectionPad3.uasset" 375
"../../../Engine/Content/MobileResources/HUD/MobileHUDButton3.uasset" 376
"../../../Engine/Content/MobileResources/HUD/MobileHUDButton1_off.uasset" 377
"../../../Engine/Content/MobileResources/HUD/MobileHUDDirectionPad.uasset" 378
"../../../Engine/Content/MobileResources/HUD/T_Castle_ThumbstickInner.uasset" 379
"../../../Engine/Content/MobileResources/T_MobileMenu2.uasset" 380
"../../../Engine/Content/MobileResources/HUD/MobileHUDButton2_off.uasset" 381
"../../../Engine/Content/MobileResources/HUD/T_Castle_ThumbstickOutter.uasset" 382
"../../../Engine/Content/EditorSounds/GamePreview/StartPlayInEditor.uasset" 383
"../../../Engine/Content/EditorSounds/GamePreview/StartPlayInEditor_Cue.uasset" 384
"../../../Engine/Content/MobileResources/HUD/AnalogHat.uasset" 385
"../../../Engine/Content/MobileResources/HUD/VirtualJoystick_Background.uasset" 386
"../../../Engine/Content/MobileResources/HUD/VirtualJoystick_Thumb.uasset" 387
"../../../Engine/Content/MobileResources/HUD/DefaultVirtualJoysticks.uasset" 388
"../../../Engine/Content/MobileResources/HUD/LeftVirtualJoystickOnly.uasset" 389
"../../../Engine/Content/MobileResources/HUD/MobileHUDButton1_on.uasset" 390
"../../../Engine/Content/MobileResources/HUD/MobileHUDButton2_on.uasset" 391
"../../../Engine/Content/MobileResources/HUD/MobileHUDButtonFire.uasset" 392
"../../../Engine/Content/MobileResources/HUD/MobileHUDDirectionPad2.uasset" 393
"../../../Engine/Content/MobileResources/HUD/MobileHUDDirectionStick.uasset" 394
